2024-08-05 08:57:46.018 [background-preinit] INFO  org.hibernate.validator.internal.util.Version : HV000001: Hibernate Validator 6.1.7.Final
2024-08-05 08:57:46.064 [main] INFO  datart.DatartServerApplication : Starting DatartServerApplication using Java 1.8.0_241 on bogon with PID 38216 (/Users/mamingjuan/Documents/psbc/科技数智化效能大屏/datart-1.0.0-rc.1/server/target/classes started by mamingjuan in /Users/mamingjuan/Documents/psbc/科技数智化效能大屏/datart-1.0.0-rc.1)
2024-08-05 08:57:46.064 [main] INFO  datart.DatartServerApplication : The following profiles are active: demo
2024-08-05 08:57:47.745 [main] INFO  o.s.d.r.config.RepositoryConfigurationDelegate : Multiple Spring Data modules found, entering strict repository configuration mode!
2024-08-05 08:57:47.748 [main] INFO  o.s.d.r.config.RepositoryConfigurationDelegate : Bootstrapping Spring Data LDAP repositories in DEFAULT mode.
2024-08-05 08:57:47.859 [main] INFO  o.s.d.r.config.RepositoryConfigurationDelegate : Finished Spring Data repository scanning in 102 ms. Found 0 LDAP repository interfaces.
2024-08-05 08:57:47.876 [main] INFO  o.s.d.r.config.RepositoryConfigurationDelegate : Multiple Spring Data modules found, entering strict repository configuration mode!
2024-08-05 08:57:47.877 [main] INFO  o.s.d.r.config.RepositoryConfigurationDelegate : Bootstrapping Spring Data Redis repositories in DEFAULT mode.
2024-08-05 08:57:47.932 [main] INFO  o.s.d.r.config.RepositoryConfigurationDelegate : Finished Spring Data repository scanning in 40 ms. Found 0 Redis repository interfaces.
2024-08-05 08:57:48.293 [main] INFO  o.s.c.s.PostProcessorRegistrationDelegate$BeanPostProcessorChecker : Bean 'org.apache.shiro.spring.boot.autoconfigure.ShiroBeanAutoConfiguration' of type [org.apache.shiro.spring.boot.autoconfigure.ShiroBeanAutoConfiguration$$EnhancerBySpringCGLIB$$13ec2d09] is not eligible for getting processed by all BeanPostProcessors (for example: not eligible for auto-proxying)
2024-08-05 08:57:48.370 [main] INFO  o.s.c.s.PostProcessorRegistrationDelegate$BeanPostProcessorChecker : Bean 'org.apache.shiro.spring.boot.autoconfigure.ShiroAnnotationProcessorAutoConfiguration' of type [org.apache.shiro.spring.boot.autoconfigure.ShiroAnnotationProcessorAutoConfiguration$$EnhancerBySpringCGLIB$$167f6bae] is not eligible for getting processed by all BeanPostProcessors (for example: not eligible for auto-proxying)
2024-08-05 08:57:48.719 [main] INFO  o.s.c.s.PostProcessorRegistrationDelegate$BeanPostProcessorChecker : Bean 'eventBus' of type [org.apache.shiro.event.support.DefaultEventBus] is not eligible for getting processed by all BeanPostProcessors (for example: not eligible for auto-proxying)
2024-08-05 08:57:48.742 [main] INFO  o.s.c.s.PostProcessorRegistrationDelegate$BeanPostProcessorChecker : Bean 'org.apache.shiro.spring.boot.autoconfigure.ShiroAutoConfiguration' of type [org.apache.shiro.spring.boot.autoconfigure.ShiroAutoConfiguration$$EnhancerBySpringCGLIB$$d9ebced9] is not eligible for getting processed by all BeanPostProcessors (for example: not eligible for auto-proxying)
2024-08-05 08:57:48.747 [main] INFO  o.s.c.s.PostProcessorRegistrationDelegate$BeanPostProcessorChecker : Bean 'securityConfiguration' of type [datart.security.manager.shiro.SecurityConfiguration$$EnhancerBySpringCGLIB$$38fca24a] is not eligible for getting processed by all BeanPostProcessors (for example: not eligible for auto-proxying)
2024-08-05 08:57:48.830 [main] INFO  o.s.c.s.PostProcessorRegistrationDelegate$BeanPostProcessorChecker : Bean 'mybatis-org.mybatis.spring.boot.autoconfigure.MybatisProperties' of type [org.mybatis.spring.boot.autoconfigure.MybatisProperties] is not eligible for getting processed by all BeanPostProcessors (for example: not eligible for auto-proxying)
2024-08-05 08:57:48.839 [main] INFO  o.s.c.s.PostProcessorRegistrationDelegate$BeanPostProcessorChecker : Bean 'org.mybatis.spring.boot.autoconfigure.MybatisAutoConfiguration' of type [org.mybatis.spring.boot.autoconfigure.MybatisAutoConfiguration$$EnhancerBySpringCGLIB$$33a7a089] is not eligible for getting processed by all BeanPostProcessors (for example: not eligible for auto-proxying)
2024-08-05 08:57:48.843 [main] INFO  o.s.c.s.PostProcessorRegistrationDelegate$BeanPostProcessorChecker : Bean 'com.alibaba.druid.spring.boot.autoconfigure.DruidDataSourceAutoConfigure' of type [com.alibaba.druid.spring.boot.autoconfigure.DruidDataSourceAutoConfigure$$EnhancerBySpringCGLIB$$1a7f44cb] is not eligible for getting processed by all BeanPostProcessors (for example: not eligible for auto-proxying)
2024-08-05 08:57:48.845 [main] INFO  c.a.d.s.b.a.DruidDataSourceAutoConfigure : Init DruidDataSource
2024-08-05 08:57:48.931 [main] INFO  o.s.c.s.PostProcessorRegistrationDelegate$BeanPostProcessorChecker : Bean 'spring.datasource-org.springframework.boot.autoconfigure.jdbc.DataSourceProperties' of type [org.springframework.boot.autoconfigure.jdbc.DataSourceProperties] is not eligible for getting processed by all BeanPostProcessors (for example: not eligible for auto-proxying)
2024-08-05 08:57:49.007 [main] ERROR com.alibaba.druid.pool.DruidDataSource : testWhileIdle is true, validationQuery not set
2024-08-05 08:57:49.019 [main] INFO  com.alibaba.druid.pool.DruidDataSource : {dataSource-1} inited
2024-08-05 08:57:49.019 [main] INFO  o.s.c.s.PostProcessorRegistrationDelegate$BeanPostProcessorChecker : Bean 'dataSource' of type [com.alibaba.druid.spring.boot.autoconfigure.DruidDataSourceWrapper] is not eligible for getting processed by all BeanPostProcessors (for example: not eligible for auto-proxying)
2024-08-05 08:57:49.055 [main] INFO  o.s.c.s.PostProcessorRegistrationDelegate$BeanPostProcessorChecker : Bean 'org.springframework.boot.autoconfigure.jdbc.DataSourceInitializerInvoker' of type [org.springframework.boot.autoconfigure.jdbc.DataSourceInitializerInvoker] is not eligible for getting processed by all BeanPostProcessors (for example: not eligible for auto-proxying)
2024-08-05 08:57:49.099 [main] INFO  o.s.c.s.PostProcessorRegistrationDelegate$BeanPostProcessorChecker : Bean 'sqlSessionFactory' of type [org.apache.ibatis.session.defaults.DefaultSqlSessionFactory] is not eligible for getting processed by all BeanPostProcessors (for example: not eligible for auto-proxying)
2024-08-05 08:57:49.108 [main] INFO  o.s.c.s.PostProcessorRegistrationDelegate$BeanPostProcessorChecker : Bean 'sqlSessionTemplate' of type [org.mybatis.spring.SqlSessionTemplate] is not eligible for getting processed by all BeanPostProcessors (for example: not eligible for auto-proxying)
2024-08-05 08:57:49.176 [main] INFO  o.s.c.s.PostProcessorRegistrationDelegate$BeanPostProcessorChecker : Bean 'userMapperExt' of type [org.mybatis.spring.mapper.MapperFactoryBean] is not eligible for getting processed by all BeanPostProcessors (for example: not eligible for auto-proxying)
2024-08-05 08:57:49.182 [main] INFO  o.s.c.s.PostProcessorRegistrationDelegate$BeanPostProcessorChecker : Bean 'userMapperExt' of type [com.sun.proxy.$Proxy103] is not eligible for getting processed by all BeanPostProcessors (for example: not eligible for auto-proxying)
2024-08-05 08:57:49.346 [main] INFO  o.s.c.s.PostProcessorRegistrationDelegate$BeanPostProcessorChecker : Bean 'roleMapperExt' of type [org.mybatis.spring.mapper.MapperFactoryBean] is not eligible for getting processed by all BeanPostProcessors (for example: not eligible for auto-proxying)
2024-08-05 08:57:49.348 [main] INFO  o.s.c.s.PostProcessorRegistrationDelegate$BeanPostProcessorChecker : Bean 'roleMapperExt' of type [com.sun.proxy.$Proxy107] is not eligible for getting processed by all BeanPostProcessors (for example: not eligible for auto-proxying)
2024-08-05 08:57:49.374 [main] INFO  o.s.c.s.PostProcessorRegistrationDelegate$BeanPostProcessorChecker : Bean 'relRoleResourceMapperExt' of type [org.mybatis.spring.mapper.MapperFactoryBean] is not eligible for getting processed by all BeanPostProcessors (for example: not eligible for auto-proxying)
2024-08-05 08:57:49.375 [main] INFO  o.s.c.s.PostProcessorRegistrationDelegate$BeanPostProcessorChecker : Bean 'relRoleResourceMapperExt' of type [com.sun.proxy.$Proxy110] is not eligible for getting processed by all BeanPostProcessors (for example: not eligible for auto-proxying)
2024-08-05 08:57:49.419 [main] INFO  o.s.c.s.PostProcessorRegistrationDelegate$BeanPostProcessorChecker : Bean 'requestScopePermissionDataCache' of type [org.springframework.aop.scope.ScopedProxyFactoryBean] is not eligible for getting processed by all BeanPostProcessors (for example: not eligible for auto-proxying)
2024-08-05 08:57:49.419 [main] INFO  o.s.c.s.PostProcessorRegistrationDelegate$BeanPostProcessorChecker : Bean 'requestScopePermissionDataCache' of type [datart.security.manager.RequestScopePermissionDataCache$$EnhancerBySpringCGLIB$$779ab188] is not eligible for getting processed by all BeanPostProcessors (for example: not eligible for auto-proxying)
2024-08-05 08:57:49.422 [main] INFO  o.s.c.s.PostProcessorRegistrationDelegate$BeanPostProcessorChecker : Bean 'threadScopePermissionDataCache' of type [datart.security.manager.ThreadScopePermissionDataCache] is not eligible for getting processed by all BeanPostProcessors (for example: not eligible for auto-proxying)
2024-08-05 08:57:49.424 [main] INFO  o.s.c.s.PostProcessorRegistrationDelegate$BeanPostProcessorChecker : Bean 'permissionDataCache' of type [datart.security.manager.PermissionDataCache] is not eligible for getting processed by all BeanPostProcessors (for example: not eligible for auto-proxying)
2024-08-05 08:57:49.428 [main] INFO  o.s.c.s.PostProcessorRegistrationDelegate$BeanPostProcessorChecker : Bean 'passwordCredentialsMatcher' of type [datart.security.manager.shiro.PasswordCredentialsMatcher] is not eligible for getting processed by all BeanPostProcessors (for example: not eligible for auto-proxying)
2024-08-05 08:57:49.446 [main] INFO  o.s.c.s.PostProcessorRegistrationDelegate$BeanPostProcessorChecker : Bean 'realm' of type [datart.security.manager.shiro.DatartRealm] is not eligible for getting processed by all BeanPostProcessors (for example: not eligible for auto-proxying)
2024-08-05 08:57:49.471 [main] INFO  o.s.c.s.PostProcessorRegistrationDelegate$BeanPostProcessorChecker : Bean 'sessionStorageEvaluator' of type [org.apache.shiro.mgt.DefaultSessionStorageEvaluator] is not eligible for getting processed by all BeanPostProcessors (for example: not eligible for auto-proxying)
2024-08-05 08:57:49.472 [main] INFO  o.s.c.s.PostProcessorRegistrationDelegate$BeanPostProcessorChecker : Bean 'subjectDAO' of type [org.apache.shiro.mgt.DefaultSubjectDAO] is not eligible for getting processed by all BeanPostProcessors (for example: not eligible for auto-proxying)
2024-08-05 08:57:49.473 [main] INFO  o.s.c.s.PostProcessorRegistrationDelegate$BeanPostProcessorChecker : Bean 'subjectFactory' of type [org.apache.shiro.mgt.DefaultSubjectFactory] is not eligible for getting processed by all BeanPostProcessors (for example: not eligible for auto-proxying)
2024-08-05 08:57:49.475 [main] INFO  o.s.c.s.PostProcessorRegistrationDelegate$BeanPostProcessorChecker : Bean 'authenticationStrategy' of type [org.apache.shiro.authc.pam.AtLeastOneSuccessfulStrategy] is not eligible for getting processed by all BeanPostProcessors (for example: not eligible for auto-proxying)
2024-08-05 08:57:49.476 [main] INFO  o.s.c.s.PostProcessorRegistrationDelegate$BeanPostProcessorChecker : Bean 'authenticator' of type [org.apache.shiro.authc.pam.ModularRealmAuthenticator] is not eligible for getting processed by all BeanPostProcessors (for example: not eligible for auto-proxying)
2024-08-05 08:57:49.477 [main] INFO  o.s.c.s.PostProcessorRegistrationDelegate$BeanPostProcessorChecker : Bean 'authorizer' of type [org.apache.shiro.authz.ModularRealmAuthorizer] is not eligible for getting processed by all BeanPostProcessors (for example: not eligible for auto-proxying)
2024-08-05 08:57:49.480 [main] INFO  o.s.c.s.PostProcessorRegistrationDelegate$BeanPostProcessorChecker : Bean 'sessionDAO' of type [org.apache.shiro.session.mgt.eis.MemorySessionDAO] is not eligible for getting processed by all BeanPostProcessors (for example: not eligible for auto-proxying)
2024-08-05 08:57:49.482 [main] INFO  o.s.c.s.PostProcessorRegistrationDelegate$BeanPostProcessorChecker : Bean 'sessionFactory' of type [org.apache.shiro.session.mgt.SimpleSessionFactory] is not eligible for getting processed by all BeanPostProcessors (for example: not eligible for auto-proxying)
2024-08-05 08:57:49.485 [main] INFO  o.s.c.s.PostProcessorRegistrationDelegate$BeanPostProcessorChecker : Bean 'sessionManager' of type [org.apache.shiro.session.mgt.DefaultSessionManager] is not eligible for getting processed by all BeanPostProcessors (for example: not eligible for auto-proxying)
2024-08-05 08:57:49.488 [main] INFO  o.s.c.s.PostProcessorRegistrationDelegate$BeanPostProcessorChecker : Bean 'securityManager' of type [org.apache.shiro.mgt.DefaultSecurityManager] is not eligible for getting processed by all BeanPostProcessors (for example: not eligible for auto-proxying)
2024-08-05 08:57:49.507 [main] INFO  o.s.c.s.PostProcessorRegistrationDelegate$BeanPostProcessorChecker : Bean 'authorizationAttributeSourceAdvisor' of type [org.apache.shiro.spring.security.interceptor.AuthorizationAttributeSourceAdvisor] is not eligible for getting processed by all BeanPostProcessors (for example: not eligible for auto-proxying)
2024-08-05 08:57:49.959 [main] INFO  o.s.boot.web.embedded.tomcat.TomcatWebServer : Tomcat initialized with port(s): 8080 (http)
2024-08-05 08:57:50.034 [main] INFO  org.apache.coyote.http11.Http11NioProtocol : Initializing ProtocolHandler ["http-nio-0.0.0.0-8080"]
2024-08-05 08:57:50.035 [main] INFO  org.apache.catalina.core.StandardService : Starting service [Tomcat]
2024-08-05 08:57:50.035 [main] INFO  org.apache.catalina.core.StandardEngine : Starting Servlet engine: [Apache Tomcat/9.0.43]
2024-08-05 08:57:50.256 [main] INFO  o.a.c.core.ContainerBase.[Tomcat].[localhost].[/] : Initializing Spring embedded WebApplicationContext
2024-08-05 08:57:50.256 [main] INFO  o.s.b.w.s.c.ServletWebServerApplicationContext : Root WebApplicationContext: initialization completed in 4136 ms
2024-08-05 08:57:50.717 [main] INFO  o.s.ldap.core.support.AbstractContextSource : Property 'userDn' not set - anonymous context will be used for read-write operations
2024-08-05 08:57:51.677 [main] INFO  org.quartz.impl.StdSchedulerFactory : Using default implementation for ThreadExecutor
2024-08-05 08:57:51.692 [main] INFO  org.quartz.core.SchedulerSignalerImpl : Initialized Scheduler Signaller of type: class org.quartz.core.SchedulerSignalerImpl
2024-08-05 08:57:51.692 [main] INFO  org.quartz.core.QuartzScheduler : Quartz Scheduler v.2.3.2 created.
2024-08-05 08:57:51.696 [main] INFO  o.s.scheduling.quartz.LocalDataSourceJobStore : Using db table-based data access locking (synchronization).
2024-08-05 08:57:51.698 [main] INFO  o.s.scheduling.quartz.LocalDataSourceJobStore : JobStoreCMT initialized.
2024-08-05 08:57:51.698 [main] INFO  org.quartz.core.QuartzScheduler : Scheduler meta-data: Quartz Scheduler (v2.3.2) 'DatartScheduleCluster' with instanceId 'bogon1722819471681'
  Scheduler class: 'org.quartz.core.QuartzScheduler' - running locally.
  NOT STARTED.
  Currently in standby mode.
  Number of jobs executed: 0
  Using thread pool 'org.quartz.simpl.SimpleThreadPool' - with 10 threads.
  Using job-store 'org.springframework.scheduling.quartz.LocalDataSourceJobStore' - which supports persistence. and is clustered.

2024-08-05 08:57:51.698 [main] INFO  org.quartz.impl.StdSchedulerFactory : Quartz scheduler 'DatartScheduleCluster' initialized from an externally provided properties instance.
2024-08-05 08:57:51.699 [main] INFO  org.quartz.impl.StdSchedulerFactory : Quartz scheduler version: 2.3.2
2024-08-05 08:57:51.699 [main] INFO  org.quartz.core.QuartzScheduler : JobFactory set to: org.springframework.scheduling.quartz.SpringBeanJobFactory@5e2a6991
2024-08-05 08:57:53.514 [main] INFO  s.d.s.w.PropertySourcedRequestMappingHandlerMapping : Mapped URL path [/v2/api-docs] onto method [springfox.documentation.swagger2.web.Swagger2Controller#getDocumentation(String, HttpServletRequest)]
2024-08-05 08:57:53.703 [main] INFO  o.s.security.web.DefaultSecurityFilterChain : Will secure Ant [pattern='/api/v1/tpa'] with []
2024-08-05 08:57:53.837 [main] INFO  o.s.security.web.DefaultSecurityFilterChain : Will secure any request with [org.springframework.security.web.context.request.async.WebAsyncManagerIntegrationFilter@1c7843c3, org.springframework.security.web.context.SecurityContextPersistenceFilter@1f3c5308, org.springframework.security.web.header.HeaderWriterFilter@5b1ff8cd, org.springframework.security.web.authentication.logout.LogoutFilter@e886caf, org.springframework.security.web.savedrequest.RequestCacheAwareFilter@51e94b7d, org.springframework.security.web.servletapi.SecurityContextHolderAwareRequestFilter@4768b95c, org.springframework.security.web.authentication.AnonymousAuthenticationFilter@5158a9f7, org.springframework.security.web.session.SessionManagementFilter@857f74a, org.springframework.security.web.access.ExceptionTranslationFilter@7c9372ed]
2024-08-05 08:57:54.471 [main] INFO  o.s.scheduling.concurrent.ThreadPoolTaskExecutor : Initializing ExecutorService 'applicationTaskExecutor'
2024-08-05 08:57:54.609 [main] INFO  o.s.b.a.web.servlet.WelcomePageHandlerMapping : Adding welcome page: ServletContext resource [/index.html]
2024-08-05 08:57:55.297 [main] INFO  org.apache.coyote.http11.Http11NioProtocol : Starting ProtocolHandler ["http-nio-0.0.0.0-8080"]
2024-08-05 08:57:55.337 [main] INFO  o.s.boot.web.embedded.tomcat.TomcatWebServer : Tomcat started on port(s): 8080 (http) with context path ''
2024-08-05 08:57:55.338 [main] INFO  s.d.s.web.plugins.DocumentationPluginsBootstrapper : Context refreshed
2024-08-05 08:57:55.358 [main] INFO  s.d.s.web.plugins.DocumentationPluginsBootstrapper : Found 1 custom documentation plugin(s)
2024-08-05 08:57:55.649 [main] INFO  s.d.spring.web.scanners.ApiListingReferenceScanner : Scanning for api listing references
2024-08-05 08:57:56.277 [main] INFO  s.d.s.w.r.operation.CachingOperationNameGenerator : Generating unique operation named: executeUsingPOST_1
2024-08-05 08:57:56.410 [main] INFO  s.d.s.w.r.operation.CachingOperationNameGenerator : Generating unique operation named: downloadFileUsingGET_1
2024-08-05 08:57:56.421 [main] INFO  s.d.s.w.r.operation.CachingOperationNameGenerator : Generating unique operation named: executeUsingPOST_2
2024-08-05 08:57:56.626 [main] INFO  s.d.s.w.r.operation.CachingOperationNameGenerator : Generating unique operation named: checkNameUsingPOST_1
2024-08-05 08:57:56.635 [main] INFO  s.d.s.w.r.operation.CachingOperationNameGenerator : Generating unique operation named: createUsingPOST_1
2024-08-05 08:57:56.648 [main] INFO  s.d.s.w.r.operation.CachingOperationNameGenerator : Generating unique operation named: getSubjectVariableValuesUsingGET_1
2024-08-05 08:57:56.696 [main] INFO  s.d.s.w.r.operation.CachingOperationNameGenerator : Generating unique operation named: listArchivedUsingGET_1
2024-08-05 08:57:56.704 [main] INFO  s.d.s.w.r.operation.CachingOperationNameGenerator : Generating unique operation named: unarchiveUsingPUT_1
2024-08-05 08:57:57.016 [main] INFO  s.d.s.w.r.operation.CachingOperationNameGenerator : Generating unique operation named: getDatachartUsingGET_1
2024-08-05 08:57:57.053 [main] WARN  s.d.s.w.readers.parameter.ParameterDataTypeReader : Trying to infer dataType datart.server.base.transfer.ImportStrategy
2024-08-05 08:57:57.323 [main] INFO  o.s.scheduling.quartz.SchedulerFactoryBean : Starting Quartz Scheduler now
2024-08-05 08:57:57.366 [main] INFO  o.s.scheduling.quartz.LocalDataSourceJobStore : ClusterManager: detected 1 failed or restarted instances.
2024-08-05 08:57:57.366 [main] INFO  o.s.scheduling.quartz.LocalDataSourceJobStore : ClusterManager: Scanning for instance "bogon1721910997885"'s failed in-progress jobs.
2024-08-05 08:57:57.369 [main] INFO  org.quartz.core.QuartzScheduler : Scheduler DatartScheduleCluster_$_bogon1722819471681 started.
2024-08-05 08:57:57.384 [main] INFO  datart.DatartServerApplication : Started DatartServerApplication in 12.033 seconds (JVM running for 13.894)
2024-08-05 08:57:57.385 [main] INFO  datart.server.config.AppModeStartConfig : The application is running in PLATFORM tenant-management-mode.
2024-08-05 17:03:14.224 [SpringContextShutdownHook] INFO  org.quartz.core.QuartzScheduler : Scheduler DatartScheduleCluster_$_bogon1722819471681 paused.
2024-08-05 17:03:14.336 [SpringContextShutdownHook] INFO  o.s.scheduling.concurrent.ThreadPoolTaskExecutor : Shutting down ExecutorService 'applicationTaskExecutor'
2024-08-05 17:03:14.453 [SpringContextShutdownHook] INFO  o.s.scheduling.quartz.SchedulerFactoryBean : Shutting down Quartz Scheduler
2024-08-05 17:03:14.454 [SpringContextShutdownHook] INFO  org.quartz.core.QuartzScheduler : Scheduler DatartScheduleCluster_$_bogon1722819471681 shutting down.
2024-08-05 17:03:14.454 [SpringContextShutdownHook] INFO  org.quartz.core.QuartzScheduler : Scheduler DatartScheduleCluster_$_bogon1722819471681 paused.
2024-08-05 17:03:14.456 [SpringContextShutdownHook] INFO  org.quartz.core.QuartzScheduler : Scheduler DatartScheduleCluster_$_bogon1722819471681 shutdown complete.
2024-08-05 17:03:14.466 [SpringContextShutdownHook] INFO  com.alibaba.druid.pool.DruidDataSource : {dataSource-1} closing ...
2024-08-05 17:03:14.473 [SpringContextShutdownHook] INFO  com.alibaba.druid.pool.DruidDataSource : {dataSource-1} closed
2024-08-05 17:35:34.030 [background-preinit] INFO  org.hibernate.validator.internal.util.Version : HV000001: Hibernate Validator 6.1.7.Final
2024-08-05 17:35:34.075 [main] INFO  datart.DatartServerApplication : Starting DatartServerApplication using Java 1.8.0_241 on bogon with PID 41059 (/Users/mamingjuan/Documents/psbc/科技数智化效能大屏/datart-1.0.0-rc.1/server/target/classes started by mamingjuan in /Users/mamingjuan/Documents/psbc/科技数智化效能大屏/datart-1.0.0-rc.1)
2024-08-05 17:35:34.076 [main] INFO  datart.DatartServerApplication : The following profiles are active: demo
2024-08-05 17:35:35.664 [main] INFO  o.s.d.r.config.RepositoryConfigurationDelegate : Multiple Spring Data modules found, entering strict repository configuration mode!
2024-08-05 17:35:35.667 [main] INFO  o.s.d.r.config.RepositoryConfigurationDelegate : Bootstrapping Spring Data LDAP repositories in DEFAULT mode.
2024-08-05 17:35:35.932 [main] INFO  o.s.d.r.config.RepositoryConfigurationDelegate : Finished Spring Data repository scanning in 256 ms. Found 0 LDAP repository interfaces.
2024-08-05 17:35:35.949 [main] INFO  o.s.d.r.config.RepositoryConfigurationDelegate : Multiple Spring Data modules found, entering strict repository configuration mode!
2024-08-05 17:35:35.950 [main] INFO  o.s.d.r.config.RepositoryConfigurationDelegate : Bootstrapping Spring Data Redis repositories in DEFAULT mode.
2024-08-05 17:35:36.007 [main] INFO  o.s.d.r.config.RepositoryConfigurationDelegate : Finished Spring Data repository scanning in 42 ms. Found 0 Redis repository interfaces.
2024-08-05 17:35:36.370 [main] INFO  o.s.c.s.PostProcessorRegistrationDelegate$BeanPostProcessorChecker : Bean 'org.apache.shiro.spring.boot.autoconfigure.ShiroBeanAutoConfiguration' of type [org.apache.shiro.spring.boot.autoconfigure.ShiroBeanAutoConfiguration$$EnhancerBySpringCGLIB$$687040dc] is not eligible for getting processed by all BeanPostProcessors (for example: not eligible for auto-proxying)
2024-08-05 17:35:36.449 [main] INFO  o.s.c.s.PostProcessorRegistrationDelegate$BeanPostProcessorChecker : Bean 'org.apache.shiro.spring.boot.autoconfigure.ShiroAnnotationProcessorAutoConfiguration' of type [org.apache.shiro.spring.boot.autoconfigure.ShiroAnnotationProcessorAutoConfiguration$$EnhancerBySpringCGLIB$$6b037f81] is not eligible for getting processed by all BeanPostProcessors (for example: not eligible for auto-proxying)
2024-08-05 17:35:36.816 [main] INFO  o.s.c.s.PostProcessorRegistrationDelegate$BeanPostProcessorChecker : Bean 'eventBus' of type [org.apache.shiro.event.support.DefaultEventBus] is not eligible for getting processed by all BeanPostProcessors (for example: not eligible for auto-proxying)
2024-08-05 17:35:36.840 [main] INFO  o.s.c.s.PostProcessorRegistrationDelegate$BeanPostProcessorChecker : Bean 'org.apache.shiro.spring.boot.autoconfigure.ShiroAutoConfiguration' of type [org.apache.shiro.spring.boot.autoconfigure.ShiroAutoConfiguration$$EnhancerBySpringCGLIB$$2e6fe2ac] is not eligible for getting processed by all BeanPostProcessors (for example: not eligible for auto-proxying)
2024-08-05 17:35:36.847 [main] INFO  o.s.c.s.PostProcessorRegistrationDelegate$BeanPostProcessorChecker : Bean 'securityConfiguration' of type [datart.security.manager.shiro.SecurityConfiguration$$EnhancerBySpringCGLIB$$8d80b61d] is not eligible for getting processed by all BeanPostProcessors (for example: not eligible for auto-proxying)
2024-08-05 17:35:36.940 [main] INFO  o.s.c.s.PostProcessorRegistrationDelegate$BeanPostProcessorChecker : Bean 'mybatis-org.mybatis.spring.boot.autoconfigure.MybatisProperties' of type [org.mybatis.spring.boot.autoconfigure.MybatisProperties] is not eligible for getting processed by all BeanPostProcessors (for example: not eligible for auto-proxying)
2024-08-05 17:35:36.952 [main] INFO  o.s.c.s.PostProcessorRegistrationDelegate$BeanPostProcessorChecker : Bean 'org.mybatis.spring.boot.autoconfigure.MybatisAutoConfiguration' of type [org.mybatis.spring.boot.autoconfigure.MybatisAutoConfiguration$$EnhancerBySpringCGLIB$$882bb45c] is not eligible for getting processed by all BeanPostProcessors (for example: not eligible for auto-proxying)
2024-08-05 17:35:36.956 [main] INFO  o.s.c.s.PostProcessorRegistrationDelegate$BeanPostProcessorChecker : Bean 'com.alibaba.druid.spring.boot.autoconfigure.DruidDataSourceAutoConfigure' of type [com.alibaba.druid.spring.boot.autoconfigure.DruidDataSourceAutoConfigure$$EnhancerBySpringCGLIB$$6f03589e] is not eligible for getting processed by all BeanPostProcessors (for example: not eligible for auto-proxying)
2024-08-05 17:35:36.959 [main] INFO  c.a.d.s.b.a.DruidDataSourceAutoConfigure : Init DruidDataSource
2024-08-05 17:35:37.059 [main] INFO  o.s.c.s.PostProcessorRegistrationDelegate$BeanPostProcessorChecker : Bean 'spring.datasource-org.springframework.boot.autoconfigure.jdbc.DataSourceProperties' of type [org.springframework.boot.autoconfigure.jdbc.DataSourceProperties] is not eligible for getting processed by all BeanPostProcessors (for example: not eligible for auto-proxying)
2024-08-05 17:35:37.120 [main] ERROR com.alibaba.druid.pool.DruidDataSource : testWhileIdle is true, validationQuery not set
2024-08-05 17:35:37.132 [main] INFO  com.alibaba.druid.pool.DruidDataSource : {dataSource-1} inited
2024-08-05 17:35:37.132 [main] INFO  o.s.c.s.PostProcessorRegistrationDelegate$BeanPostProcessorChecker : Bean 'dataSource' of type [com.alibaba.druid.spring.boot.autoconfigure.DruidDataSourceWrapper] is not eligible for getting processed by all BeanPostProcessors (for example: not eligible for auto-proxying)
2024-08-05 17:35:37.174 [main] INFO  o.s.c.s.PostProcessorRegistrationDelegate$BeanPostProcessorChecker : Bean 'org.springframework.boot.autoconfigure.jdbc.DataSourceInitializerInvoker' of type [org.springframework.boot.autoconfigure.jdbc.DataSourceInitializerInvoker] is not eligible for getting processed by all BeanPostProcessors (for example: not eligible for auto-proxying)
2024-08-05 17:35:37.216 [main] INFO  o.s.c.s.PostProcessorRegistrationDelegate$BeanPostProcessorChecker : Bean 'sqlSessionFactory' of type [org.apache.ibatis.session.defaults.DefaultSqlSessionFactory] is not eligible for getting processed by all BeanPostProcessors (for example: not eligible for auto-proxying)
2024-08-05 17:35:37.225 [main] INFO  o.s.c.s.PostProcessorRegistrationDelegate$BeanPostProcessorChecker : Bean 'sqlSessionTemplate' of type [org.mybatis.spring.SqlSessionTemplate] is not eligible for getting processed by all BeanPostProcessors (for example: not eligible for auto-proxying)
2024-08-05 17:35:37.284 [main] INFO  o.s.c.s.PostProcessorRegistrationDelegate$BeanPostProcessorChecker : Bean 'userMapperExt' of type [org.mybatis.spring.mapper.MapperFactoryBean] is not eligible for getting processed by all BeanPostProcessors (for example: not eligible for auto-proxying)
2024-08-05 17:35:37.289 [main] INFO  o.s.c.s.PostProcessorRegistrationDelegate$BeanPostProcessorChecker : Bean 'userMapperExt' of type [com.sun.proxy.$Proxy103] is not eligible for getting processed by all BeanPostProcessors (for example: not eligible for auto-proxying)
2024-08-05 17:35:37.453 [main] INFO  o.s.c.s.PostProcessorRegistrationDelegate$BeanPostProcessorChecker : Bean 'roleMapperExt' of type [org.mybatis.spring.mapper.MapperFactoryBean] is not eligible for getting processed by all BeanPostProcessors (for example: not eligible for auto-proxying)
2024-08-05 17:35:37.455 [main] INFO  o.s.c.s.PostProcessorRegistrationDelegate$BeanPostProcessorChecker : Bean 'roleMapperExt' of type [com.sun.proxy.$Proxy107] is not eligible for getting processed by all BeanPostProcessors (for example: not eligible for auto-proxying)
2024-08-05 17:35:37.482 [main] INFO  o.s.c.s.PostProcessorRegistrationDelegate$BeanPostProcessorChecker : Bean 'relRoleResourceMapperExt' of type [org.mybatis.spring.mapper.MapperFactoryBean] is not eligible for getting processed by all BeanPostProcessors (for example: not eligible for auto-proxying)
2024-08-05 17:35:37.483 [main] INFO  o.s.c.s.PostProcessorRegistrationDelegate$BeanPostProcessorChecker : Bean 'relRoleResourceMapperExt' of type [com.sun.proxy.$Proxy110] is not eligible for getting processed by all BeanPostProcessors (for example: not eligible for auto-proxying)
2024-08-05 17:35:37.526 [main] INFO  o.s.c.s.PostProcessorRegistrationDelegate$BeanPostProcessorChecker : Bean 'requestScopePermissionDataCache' of type [org.springframework.aop.scope.ScopedProxyFactoryBean] is not eligible for getting processed by all BeanPostProcessors (for example: not eligible for auto-proxying)
2024-08-05 17:35:37.527 [main] INFO  o.s.c.s.PostProcessorRegistrationDelegate$BeanPostProcessorChecker : Bean 'requestScopePermissionDataCache' of type [datart.security.manager.RequestScopePermissionDataCache$$EnhancerBySpringCGLIB$$4b8d0c8a] is not eligible for getting processed by all BeanPostProcessors (for example: not eligible for auto-proxying)
2024-08-05 17:35:37.530 [main] INFO  o.s.c.s.PostProcessorRegistrationDelegate$BeanPostProcessorChecker : Bean 'threadScopePermissionDataCache' of type [datart.security.manager.ThreadScopePermissionDataCache] is not eligible for getting processed by all BeanPostProcessors (for example: not eligible for auto-proxying)
2024-08-05 17:35:37.531 [main] INFO  o.s.c.s.PostProcessorRegistrationDelegate$BeanPostProcessorChecker : Bean 'permissionDataCache' of type [datart.security.manager.PermissionDataCache] is not eligible for getting processed by all BeanPostProcessors (for example: not eligible for auto-proxying)
2024-08-05 17:35:37.535 [main] INFO  o.s.c.s.PostProcessorRegistrationDelegate$BeanPostProcessorChecker : Bean 'passwordCredentialsMatcher' of type [datart.security.manager.shiro.PasswordCredentialsMatcher] is not eligible for getting processed by all BeanPostProcessors (for example: not eligible for auto-proxying)
2024-08-05 17:35:37.555 [main] INFO  o.s.c.s.PostProcessorRegistrationDelegate$BeanPostProcessorChecker : Bean 'realm' of type [datart.security.manager.shiro.DatartRealm] is not eligible for getting processed by all BeanPostProcessors (for example: not eligible for auto-proxying)
2024-08-05 17:35:37.578 [main] INFO  o.s.c.s.PostProcessorRegistrationDelegate$BeanPostProcessorChecker : Bean 'sessionStorageEvaluator' of type [org.apache.shiro.mgt.DefaultSessionStorageEvaluator] is not eligible for getting processed by all BeanPostProcessors (for example: not eligible for auto-proxying)
2024-08-05 17:35:37.579 [main] INFO  o.s.c.s.PostProcessorRegistrationDelegate$BeanPostProcessorChecker : Bean 'subjectDAO' of type [org.apache.shiro.mgt.DefaultSubjectDAO] is not eligible for getting processed by all BeanPostProcessors (for example: not eligible for auto-proxying)
2024-08-05 17:35:37.582 [main] INFO  o.s.c.s.PostProcessorRegistrationDelegate$BeanPostProcessorChecker : Bean 'subjectFactory' of type [org.apache.shiro.mgt.DefaultSubjectFactory] is not eligible for getting processed by all BeanPostProcessors (for example: not eligible for auto-proxying)
2024-08-05 17:35:37.584 [main] INFO  o.s.c.s.PostProcessorRegistrationDelegate$BeanPostProcessorChecker : Bean 'authenticationStrategy' of type [org.apache.shiro.authc.pam.AtLeastOneSuccessfulStrategy] is not eligible for getting processed by all BeanPostProcessors (for example: not eligible for auto-proxying)
2024-08-05 17:35:37.585 [main] INFO  o.s.c.s.PostProcessorRegistrationDelegate$BeanPostProcessorChecker : Bean 'authenticator' of type [org.apache.shiro.authc.pam.ModularRealmAuthenticator] is not eligible for getting processed by all BeanPostProcessors (for example: not eligible for auto-proxying)
2024-08-05 17:35:37.587 [main] INFO  o.s.c.s.PostProcessorRegistrationDelegate$BeanPostProcessorChecker : Bean 'authorizer' of type [org.apache.shiro.authz.ModularRealmAuthorizer] is not eligible for getting processed by all BeanPostProcessors (for example: not eligible for auto-proxying)
2024-08-05 17:35:37.591 [main] INFO  o.s.c.s.PostProcessorRegistrationDelegate$BeanPostProcessorChecker : Bean 'sessionDAO' of type [org.apache.shiro.session.mgt.eis.MemorySessionDAO] is not eligible for getting processed by all BeanPostProcessors (for example: not eligible for auto-proxying)
2024-08-05 17:35:37.593 [main] INFO  o.s.c.s.PostProcessorRegistrationDelegate$BeanPostProcessorChecker : Bean 'sessionFactory' of type [org.apache.shiro.session.mgt.SimpleSessionFactory] is not eligible for getting processed by all BeanPostProcessors (for example: not eligible for auto-proxying)
2024-08-05 17:35:37.596 [main] INFO  o.s.c.s.PostProcessorRegistrationDelegate$BeanPostProcessorChecker : Bean 'sessionManager' of type [org.apache.shiro.session.mgt.DefaultSessionManager] is not eligible for getting processed by all BeanPostProcessors (for example: not eligible for auto-proxying)
2024-08-05 17:35:37.602 [main] INFO  o.s.c.s.PostProcessorRegistrationDelegate$BeanPostProcessorChecker : Bean 'securityManager' of type [org.apache.shiro.mgt.DefaultSecurityManager] is not eligible for getting processed by all BeanPostProcessors (for example: not eligible for auto-proxying)
2024-08-05 17:35:37.620 [main] INFO  o.s.c.s.PostProcessorRegistrationDelegate$BeanPostProcessorChecker : Bean 'authorizationAttributeSourceAdvisor' of type [org.apache.shiro.spring.security.interceptor.AuthorizationAttributeSourceAdvisor] is not eligible for getting processed by all BeanPostProcessors (for example: not eligible for auto-proxying)
2024-08-05 17:35:38.098 [main] INFO  o.s.boot.web.embedded.tomcat.TomcatWebServer : Tomcat initialized with port(s): 8080 (http)
2024-08-05 17:35:38.110 [main] INFO  org.apache.coyote.http11.Http11NioProtocol : Initializing ProtocolHandler ["http-nio-0.0.0.0-8080"]
2024-08-05 17:35:38.110 [main] INFO  org.apache.catalina.core.StandardService : Starting service [Tomcat]
2024-08-05 17:35:38.111 [main] INFO  org.apache.catalina.core.StandardEngine : Starting Servlet engine: [Apache Tomcat/9.0.43]
2024-08-05 17:35:38.238 [main] INFO  o.a.c.core.ContainerBase.[Tomcat].[localhost].[/] : Initializing Spring embedded WebApplicationContext
2024-08-05 17:35:38.238 [main] INFO  o.s.b.w.s.c.ServletWebServerApplicationContext : Root WebApplicationContext: initialization completed in 4114 ms
2024-08-05 17:35:38.730 [main] INFO  o.s.ldap.core.support.AbstractContextSource : Property 'userDn' not set - anonymous context will be used for read-write operations
2024-08-05 17:35:39.632 [main] INFO  org.quartz.impl.StdSchedulerFactory : Using default implementation for ThreadExecutor
2024-08-05 17:35:39.662 [main] INFO  org.quartz.core.SchedulerSignalerImpl : Initialized Scheduler Signaller of type: class org.quartz.core.SchedulerSignalerImpl
2024-08-05 17:35:39.662 [main] INFO  org.quartz.core.QuartzScheduler : Quartz Scheduler v.2.3.2 created.
2024-08-05 17:35:39.670 [main] INFO  o.s.scheduling.quartz.LocalDataSourceJobStore : Using db table-based data access locking (synchronization).
2024-08-05 17:35:39.673 [main] INFO  o.s.scheduling.quartz.LocalDataSourceJobStore : JobStoreCMT initialized.
2024-08-05 17:35:39.674 [main] INFO  org.quartz.core.QuartzScheduler : Scheduler meta-data: Quartz Scheduler (v2.3.2) 'DatartScheduleCluster' with instanceId 'bogon1722850539637'
  Scheduler class: 'org.quartz.core.QuartzScheduler' - running locally.
  NOT STARTED.
  Currently in standby mode.
  Number of jobs executed: 0
  Using thread pool 'org.quartz.simpl.SimpleThreadPool' - with 10 threads.
  Using job-store 'org.springframework.scheduling.quartz.LocalDataSourceJobStore' - which supports persistence. and is clustered.

2024-08-05 17:35:39.674 [main] INFO  org.quartz.impl.StdSchedulerFactory : Quartz scheduler 'DatartScheduleCluster' initialized from an externally provided properties instance.
2024-08-05 17:35:39.674 [main] INFO  org.quartz.impl.StdSchedulerFactory : Quartz scheduler version: 2.3.2
2024-08-05 17:35:39.674 [main] INFO  org.quartz.core.QuartzScheduler : JobFactory set to: org.springframework.scheduling.quartz.SpringBeanJobFactory@6f96dd64
2024-08-05 17:35:41.546 [main] INFO  s.d.s.w.PropertySourcedRequestMappingHandlerMapping : Mapped URL path [/v2/api-docs] onto method [springfox.documentation.swagger2.web.Swagger2Controller#getDocumentation(String, HttpServletRequest)]
2024-08-05 17:35:41.719 [main] INFO  o.s.security.web.DefaultSecurityFilterChain : Will secure Ant [pattern='/api/v1/tpa'] with []
2024-08-05 17:35:41.787 [main] INFO  o.s.security.web.DefaultSecurityFilterChain : Will secure any request with [org.springframework.security.web.context.request.async.WebAsyncManagerIntegrationFilter@1dbff71c, org.springframework.security.web.context.SecurityContextPersistenceFilter@3a4f8e8a, org.springframework.security.web.header.HeaderWriterFilter@857f74a, org.springframework.security.web.authentication.logout.LogoutFilter@5158a9f7, org.springframework.security.web.savedrequest.RequestCacheAwareFilter@5fc1e4fb, org.springframework.security.web.servletapi.SecurityContextHolderAwareRequestFilter@717a8a76, org.springframework.security.web.authentication.AnonymousAuthenticationFilter@93ce24d, org.springframework.security.web.session.SessionManagementFilter@51e94b7d, org.springframework.security.web.access.ExceptionTranslationFilter@6a2badb1]
2024-08-05 17:35:42.432 [main] INFO  o.s.scheduling.concurrent.ThreadPoolTaskExecutor : Initializing ExecutorService 'applicationTaskExecutor'
2024-08-05 17:35:42.549 [main] INFO  o.s.b.a.web.servlet.WelcomePageHandlerMapping : Adding welcome page: ServletContext resource [/index.html]
2024-08-05 17:35:43.181 [main] INFO  org.apache.coyote.http11.Http11NioProtocol : Starting ProtocolHandler ["http-nio-0.0.0.0-8080"]
2024-08-05 17:35:43.219 [main] INFO  o.s.boot.web.embedded.tomcat.TomcatWebServer : Tomcat started on port(s): 8080 (http) with context path ''
2024-08-05 17:35:43.220 [main] INFO  s.d.s.web.plugins.DocumentationPluginsBootstrapper : Context refreshed
2024-08-05 17:35:43.240 [main] INFO  s.d.s.web.plugins.DocumentationPluginsBootstrapper : Found 1 custom documentation plugin(s)
2024-08-05 17:35:43.547 [main] INFO  s.d.spring.web.scanners.ApiListingReferenceScanner : Scanning for api listing references
2024-08-05 17:35:44.297 [main] INFO  s.d.s.w.r.operation.CachingOperationNameGenerator : Generating unique operation named: executeUsingPOST_1
2024-08-05 17:35:44.417 [main] INFO  s.d.s.w.r.operation.CachingOperationNameGenerator : Generating unique operation named: downloadFileUsingGET_1
2024-08-05 17:35:44.428 [main] INFO  s.d.s.w.r.operation.CachingOperationNameGenerator : Generating unique operation named: executeUsingPOST_2
2024-08-05 17:35:44.653 [main] INFO  s.d.s.w.r.operation.CachingOperationNameGenerator : Generating unique operation named: checkNameUsingPOST_1
2024-08-05 17:35:44.660 [main] INFO  s.d.s.w.r.operation.CachingOperationNameGenerator : Generating unique operation named: createUsingPOST_1
2024-08-05 17:35:44.674 [main] INFO  s.d.s.w.r.operation.CachingOperationNameGenerator : Generating unique operation named: getSubjectVariableValuesUsingGET_1
2024-08-05 17:35:44.722 [main] INFO  s.d.s.w.r.operation.CachingOperationNameGenerator : Generating unique operation named: listArchivedUsingGET_1
2024-08-05 17:35:44.731 [main] INFO  s.d.s.w.r.operation.CachingOperationNameGenerator : Generating unique operation named: unarchiveUsingPUT_1
2024-08-05 17:35:45.041 [main] INFO  s.d.s.w.r.operation.CachingOperationNameGenerator : Generating unique operation named: getDatachartUsingGET_1
2024-08-05 17:35:45.081 [main] WARN  s.d.s.w.readers.parameter.ParameterDataTypeReader : Trying to infer dataType datart.server.base.transfer.ImportStrategy
2024-08-05 17:35:45.368 [main] INFO  o.s.scheduling.quartz.SchedulerFactoryBean : Starting Quartz Scheduler now
2024-08-05 17:35:45.410 [main] INFO  o.s.scheduling.quartz.LocalDataSourceJobStore : ClusterManager: detected 1 failed or restarted instances.
2024-08-05 17:35:45.410 [main] INFO  o.s.scheduling.quartz.LocalDataSourceJobStore : ClusterManager: Scanning for instance "bogon1722819471681"'s failed in-progress jobs.
2024-08-05 17:35:45.414 [main] INFO  org.quartz.core.QuartzScheduler : Scheduler DatartScheduleCluster_$_bogon1722850539637 started.
2024-08-05 17:35:45.426 [main] INFO  datart.DatartServerApplication : Started DatartServerApplication in 12.4 seconds (JVM running for 14.409)
2024-08-05 17:35:45.428 [main] INFO  datart.server.config.AppModeStartConfig : The application is running in PLATFORM tenant-management-mode.
2024-08-05 17:37:14.262 [http-nio-0.0.0.0-8080-exec-1] INFO  o.a.c.core.ContainerBase.[Tomcat].[localhost].[/] : Initializing Spring DispatcherServlet 'dispatcherServlet'
2024-08-05 17:37:14.263 [http-nio-0.0.0.0-8080-exec-1] INFO  org.springframework.web.servlet.DispatcherServlet : Initializing Servlet 'dispatcherServlet'
2024-08-05 17:37:14.269 [http-nio-0.0.0.0-8080-exec-1] INFO  org.springframework.web.servlet.DispatcherServlet : Completed initialization in 6 ms
2024-08-05 17:37:22.763 [http-nio-0.0.0.0-8080-exec-5] INFO  o.a.s.session.mgt.AbstractValidatingSessionManager : Enabling session validation scheduler...
2024-08-05 17:37:24.841 [http-nio-0.0.0.0-8080-exec-3] WARN  org.apache.ibatis.io.SerialFilterChecker : As you are using functionality that deserializes object streams, it is recommended to define the JEP-290 serial filter. Please refer to https://docs.oracle.com/pls/topic/lookup?ctx=javase15&id=GUID-8296D8E8-2B93-4B9A-856E-0A65AF9B8C66
2024-08-05 17:37:40.658 [http-nio-0.0.0.0-8080-exec-10] INFO  d.data.provider.jdbc.DataSourceFactoryDruidImpl : druid data source created (DataSource-103301923)
2024-08-05 17:37:41.248 [http-nio-0.0.0.0-8080-exec-10] INFO  com.alibaba.druid.pool.DruidDataSource : {dataSource-2} inited
2024-08-05 18:57:11.358 [SessionValidationThread-1] INFO  o.a.s.session.mgt.AbstractValidatingSessionManager : Validating all active sessions...
2024-08-05 18:57:11.361 [SessionValidationThread-1] INFO  o.a.s.session.mgt.AbstractValidatingSessionManager : Finished session validation.  No sessions were stopped.
